1 of 8036
2 of 8036
3 of 8036
4 of 8036
5 of 8036
6 of 8036
7 of 8036
8 of 8036
9 of 8036
10 of 8036
11 of 8036
12 of 8036
13 of 8036
14 of 8036
15 of 8036
16 of 8036
17 of 8036
18 of 8036
19 of 8036
20 of 8036
21 of 8036
22 of 8036
23 of 8036
24 of 8036
25 of 8036
26 of 8036
27 of 8036
28 of 8036
29 of 8036
30 of 8036
31 of 8036
32 of 8036
33 of 8036
34 of 8036
35 of 8036
36 of 8036
37 of 8036
38 of 8036
39 of 8036
40 of 8036
41 of 8036
42 of 8036
43 of 8036
44 of 8036
45 of 8036
46 of 8036
47 of 8036
48 of 8036
49 of 8036
50 of 8036
51 of 8036
52 of 8036
53 of 8036
54 of 8036
55 of 8036
56 of 8036
57 of 8036
58 of 8036
59 of 8036
60 of 8036
61 of 8036
62 of 8036
63 of 8036
64 of 8036
65 of 8036
66 of 8036
67 of 8036
68 of 8036
69 of 8036
70 of 8036
71 of 8036
72 of 8036
73 of 8036
74 of 8036
75 of 8036
76 of 8036
77 of 8036
78 of 8036
79 of 8036
80 of 8036
81 of 8036
82 of 8036
83 of 8036
84 of 8036
85 of 8036
86 of 8036
87 of 8036
88 of 8036
89 of 8036
90 of 8036
91 of 8036
92 of 8036
93 of 8036
94 of 8036
95 of 8036
96 of 8036
97 of 8036
98 of 8036
99 of 8036
100 of 8036
101 of 8036
102 of 8036
103 of 8036
104 of 8036
105 of 8036
106 of 8036
107 of 8036
108 of 8036
109 of 8036
110 of 8036
111 of 8036
112 of 8036
113 of 8036
114 of 8036
115 of 8036
116 of 8036
117 of 8036
118 of 8036
119 of 8036
120 of 8036
121 of 8036
122 of 8036
123 of 8036
124 of 8036
125 of 8036
126 of 8036
127 of 8036
128 of 8036
129 of 8036
130 of 8036
131 of 8036
132 of 8036
133 of 8036
134 of 8036
135 of 8036
136 of 8036
137 of 8036
138 of 8036
139 of 8036
140 of 8036
141 of 8036
142 of 8036
143 of 8036
144 of 8036
145 of 8036
146 of 8036
147 of 8036
148 of 8036
149 of 8036
150 of 8036
151 of 8036
152 of 8036
153 of 8036
154 of 8036
155 of 8036
156 of 8036
157 of 8036
158 of 8036
159 of 8036
160 of 8036
161 of 8036
162 of 8036
163 of 8036
164 of 8036
165 of 8036
166 of 8036
167 of 8036
168 of 8036
169 of 8036
170 of 8036
171 of 8036
172 of 8036
173 of 8036
174 of 8036
175 of 8036
176 of 8036
177 of 8036
178 of 8036
179 of 8036
180 of 8036
181 of 8036
182 of 8036
183 of 8036
184 of 8036
185 of 8036
186 of 8036
187 of 8036
188 of 8036
189 of 8036
190 of 8036
191 of 8036
192 of 8036
193 of 8036
194 of 8036
195 of 8036
196 of 8036
197 of 8036
198 of 8036
199 of 8036
200 of 8036
201 of 8036
202 of 8036
203 of 8036
204 of 8036
205 of 8036
206 of 8036
207 of 8036
208 of 8036
209 of 8036
210 of 8036
211 of 8036
212 of 8036
213 of 8036
214 of 8036
215 of 8036
216 of 8036
217 of 8036
218 of 8036
219 of 8036
220 of 8036
221 of 8036
222 of 8036
223 of 8036
224 of 8036
225 of 8036
226 of 8036
227 of 8036
228 of 8036
229 of 8036
230 of 8036
231 of 8036
232 of 8036
233 of 8036
234 of 8036
235 of 8036
236 of 8036
237 of 8036
238 of 8036
239 of 8036
240 of 8036
241 of 8036
242 of 8036
243 of 8036
244 of 8036
245 of 8036
246 of 8036
247 of 8036
248 of 8036
249 of 8036
250 of 8036
251 of 8036
252 of 8036
253 of 8036
254 of 8036
255 of 8036
256 of 8036
257 of 8036
258 of 8036
259 of 8036
260 of 8036
261 of 8036
262 of 8036
263 of 8036
264 of 8036
265 of 8036
266 of 8036
267 of 8036
268 of 8036
269 of 8036
270 of 8036
271 of 8036
272 of 8036
273 of 8036
274 of 8036
275 of 8036
276 of 8036
277 of 8036
278 of 8036
279 of 8036
280 of 8036
281 of 8036
282 of 8036
283 of 8036
284 of 8036
285 of 8036
286 of 8036
287 of 8036
288 of 8036
289 of 8036
290 of 8036
291 of 8036
292 of 8036
293 of 8036
294 of 8036
295 of 8036
296 of 8036
297 of 8036
298 of 8036
299 of 8036
300 of 8036
301 of 8036
302 of 8036
303 of 8036
304 of 8036
305 of 8036
306 of 8036
307 of 8036
308 of 8036
309 of 8036
310 of 8036
311 of 8036
312 of 8036
313 of 8036
314 of 8036
315 of 8036
316 of 8036
317 of 8036
318 of 8036
319 of 8036
320 of 8036
321 of 8036
322 of 8036
323 of 8036
324 of 8036
325 of 8036
326 of 8036
327 of 8036
328 of 8036
329 of 8036
330 of 8036
331 of 8036
332 of 8036
333 of 8036
334 of 8036
335 of 8036
336 of 8036
337 of 8036
338 of 8036
339 of 8036
340 of 8036
341 of 8036
342 of 8036
343 of 8036
344 of 8036
345 of 8036
346 of 8036
347 of 8036
348 of 8036
349 of 8036
350 of 8036
351 of 8036
352 of 8036
353 of 8036
354 of 8036
355 of 8036
356 of 8036
357 of 8036
358 of 8036
359 of 8036
360 of 8036
361 of 8036
